<?xml version="1.0" encoding="UTF-8"?>
<!-- Generated by org.testng.reporters.JUnitReportReporter -->
<testsuite hostname="DESKTOP-F7R8644" failures="0" tests="1" name="testNGTestScripts.AssertTestScript" time="0.019" errors="0" timestamp="2022-01-05T15:42:27 IST" skipped="0">
  <testcase classname="testNGTestScripts.AssertTestScript" name="assertall" time="0.019"/>
  <system-out/>
</testsuite> <!-- testNGTestScripts.AssertTestScript -->
