<?xml version="1.0" encoding="UTF-8"?>
<!-- Generated by org.testng.reporters.JUnitReportReporter -->
<testsuite hostname="DESKTOP-F7R8644" failures="0" tests="3" name="testNGTestScripts.TestSuiteTestScript" time="240.951" errors="0" timestamp="2022-01-06T13:44:55 IST" skipped="0">
  <testcase classname="testNGTestScripts.TestSuiteTestScript" name="openBing" time="0.805"/>
  <system-out/>
  <testcase classname="testNGTestScripts.TestSuiteTestScript" name="openGoogle" time="230.878"/>
  <system-out/>
  <testcase classname="testNGTestScripts.TestSuiteTestScript" name="openYahoo" time="9.268"/>
  <system-out/>
</testsuite> <!-- testNGTestScripts.TestSuiteTestScript -->
