<?xml version="1.0" encoding="UTF-8"?>
<!-- Generated by org.testng.reporters.JUnitReportReporter -->
<testsuite hostname="DESKTOP-F7R8644" failures="0" tests="1" name="dataDrivenTestScripts.BothInCrtTestScriptOfDDT" time="12.512" errors="0" timestamp="2022-01-10T15:02:09 IST" skipped="0">
  <testcase classname="dataDrivenTestScripts.BothInCrtTestScriptOfDDT" name="IncorrectCredentials" time="12.512"/>
  <system-out/>
</testsuite> <!-- dataDrivenTestScripts.BothInCrtTestScriptOfDDT -->
