<?xml version="1.0" encoding="UTF-8"?>
<!-- Generated by org.testng.reporters.JUnitReportReporter -->
<testsuite hostname="DESKTOP-F7R8644" failures="0" tests="3" name="testNGTestScripts.DependenciesTestScripts" time="0.006" errors="0" timestamp="2022-01-05T01:53:56 IST" skipped="0">
  <testcase classname="testNGTestScripts.DependenciesTestScripts" name="college" time="0.002"/>
  <system-out/>
  <testcase classname="testNGTestScripts.DependenciesTestScripts" name="higherSecondary" time="0.002"/>
  <system-out/>
  <testcase classname="testNGTestScripts.DependenciesTestScripts" name="highSchool" time="0.002"/>
  <system-out/>
</testsuite> <!-- testNGTestScripts.DependenciesTestScripts -->
