<?xml version="1.0" encoding="UTF-8"?>
<!-- Generated by org.testng.reporters.JUnitReportReporter -->
<testsuite hostname="DESKTOP-F7R8644" failures="0" tests="4" name="dataDrivenTestScripts.DataProviderSDETDDT" time="21.137" errors="0" timestamp="2022-01-31T17:18:17 IST" skipped="0">
  <testcase classname="dataDrivenTestScripts.DataProviderSDETDDT" name="login" time="14.740"/>
  <system-out/>
  <testcase classname="dataDrivenTestScripts.DataProviderSDETDDT" name="login" time="2.334"/>
  <system-out/>
  <testcase classname="dataDrivenTestScripts.DataProviderSDETDDT" name="login" time="1.976"/>
  <system-out/>
  <testcase classname="dataDrivenTestScripts.DataProviderSDETDDT" name="login" time="2.087"/>
  <system-out/>
</testsuite> <!-- dataDrivenTestScripts.DataProviderSDETDDT -->
