<?xml version="1.0" encoding="UTF-8"?>
<!-- Generated by org.testng.reporters.JUnitReportReporter -->
<testsuite hostname="DESKTOP-F7R8644" failures="0" tests="1" name="sampleTests.ShadowDomInChromeDownloads" time="13.975" errors="0" timestamp="2022-02-27T17:00:19 IST" skipped="0">
  <testcase classname="sampleTests.ShadowDomInChromeDownloads" name="shadowDomTest" time="13.975"/>
  <system-out/>
</testsuite> <!-- sampleTests.ShadowDomInChromeDownloads -->
