<?xml version="1.0" encoding="UTF-8"?>
<!-- Generated by org.testng.reporters.JUnitReportReporter -->
<testsuite hostname="DESKTOP-F7R8644" failures="0" tests="4" name="dataDrivenTestScripts.DDTLoginTestScript" time="35.708" errors="0" timestamp="2022-01-10T16:19:17 IST" skipped="0">
  <testcase classname="dataDrivenTestScripts.DDTLoginTestScript" name="correctCredentials" time="6.671"/>
  <system-out/>
  <testcase classname="dataDrivenTestScripts.DDTLoginTestScript" name="correctCredentials" time="13.787"/>
  <system-out/>
  <testcase classname="dataDrivenTestScripts.DDTLoginTestScript" name="correctCredentials" time="8.019"/>
  <system-out/>
  <testcase classname="dataDrivenTestScripts.DDTLoginTestScript" name="correctCredentials" time="7.231"/>
  <system-out/>
</testsuite> <!-- dataDrivenTestScripts.DDTLoginTestScript -->
