<?xml version="1.0" encoding="UTF-8"?>
<!-- Generated by org.testng.reporters.JUnitReportReporter -->
<testsuite hostname="DESKTOP-F7R8644" failures="0" tests="1" name="testNGTestScripts.DemoTestScript" time="0.014" errors="0" timestamp="2022-01-05T18:28:59 IST" skipped="0">
  <testcase classname="testNGTestScripts.DemoTestScript" name="firstTestCase" time="0.014"/>
  <system-out/>
</testsuite> <!-- testNGTestScripts.DemoTestScript -->
