<?xml version="1.0" encoding="UTF-8"?>
<!-- Generated by org.testng.reporters.JUnitReportReporter -->
<testsuite hostname="DESKTOP-F7R8644" failures="0" tests="4" name="testNGTestScripts.GroupingTestScript" time="0.032" errors="0" timestamp="2022-01-05T13:11:25 IST" skipped="0">
  <testcase classname="testNGTestScripts.GroupingTestScript" name="moto1" time="0.015"/>
  <system-out/>
  <testcase classname="testNGTestScripts.GroupingTestScript" name="vivo2" time="0.002"/>
  <system-out/>
  <testcase classname="testNGTestScripts.GroupingTestScript" name="vivo1" time="0.004"/>
  <system-out/>
  <testcase classname="testNGTestScripts.GroupingTestScript" name="moto2" time="0.011"/>
  <system-out/>
</testsuite> <!-- testNGTestScripts.GroupingTestScript -->
