<?xml version="1.0" encoding="UTF-8"?>
<!-- Generated by org.testng.reporters.JUnitReportReporter -->
<testsuite hostname="DESKTOP-F7R8644" failures="0" tests="1" name="pom.LoginPageTestScript" time="62.710" errors="0" timestamp="2022-01-18T16:58:36 IST" skipped="0">
  <testcase classname="pom.LoginPageTestScript" name="login" time="62.710"/>
  <system-out/>
</testsuite> <!-- pom.LoginPageTestScript -->
