<?xml version="1.0" encoding="UTF-8"?>
<!-- Generated by org.testng.reporters.JUnitReportReporter -->
<testsuite hostname="DESKTOP-F7R8644" failures="0" tests="5" name="testNGTestScripts.PriorityTestScripts" time="0.017" errors="0" timestamp="2022-01-05T01:53:56 IST" skipped="0">
  <testcase classname="testNGTestScripts.PriorityTestScripts" name="firstTestCase" time="0.002"/>
  <system-out/>
  <testcase classname="testNGTestScripts.PriorityTestScripts" name="secondTestCase" time="0.002"/>
  <system-out/>
  <testcase classname="testNGTestScripts.PriorityTestScripts" name="thirdTestCase" time="0.003"/>
  <system-out/>
  <testcase classname="testNGTestScripts.PriorityTestScripts" name="fourthTestCase" time="0.003"/>
  <system-out/>
  <testcase classname="testNGTestScripts.PriorityTestScripts" name="fifthTestCase" time="0.007"/>
  <system-out/>
</testsuite> <!-- testNGTestScripts.PriorityTestScripts -->
