<?xml version="1.0" encoding="UTF-8"?>
<!-- Generated by org.testng.reporters.JUnitReportReporter -->
<testsuite hostname="DESKTOP-F7R8644" failures="0" tests="2" name="testNGTestScripts.ParallelTestScript" time="58.734" errors="0" timestamp="2022-01-05T15:12:53 IST" skipped="0">
  <testcase classname="testNGTestScripts.ParallelTestScript" name="openGoogle" time="30.925"/>
  <system-out/>
  <testcase classname="testNGTestScripts.ParallelTestScript" name="openBing" time="27.809"/>
  <system-out/>
</testsuite> <!-- testNGTestScripts.ParallelTestScript -->
