<?xml version="1.0" encoding="UTF-8"?>
<!-- Generated by org.testng.reporters.JUnitReportReporter -->
<testsuite hostname="DESKTOP-F7R8644" failures="0" tests="1" name="initialSeleniumTest.TestNgTest" time="0.015" errors="0" timestamp="2022-01-03T17:22:56 IST" skipped="0">
  <testcase classname="initialSeleniumTest.TestNgTest" name="demo" time="0.015"/>
  <system-out>
    <![CDATA[Hi my demo test]]>
  </system-out>
</testsuite> <!-- initialSeleniumTest.TestNgTest -->
