<?xml version="1.0" encoding="UTF-8"?>
<!-- Generated by org.testng.reporters.JUnitReportReporter -->
<testsuite hostname="DESKTOP-F7R8644" failures="0" tests="5" name="testNGTestScripts.SkipTestScripts" time="0.039" errors="0" timestamp="2022-01-04T17:55:59 IST" skipped="2">
  <testcase classname="testNGTestScripts.SkipTestScripts" name="firstTestCase" time="0.035"/>
  <system-out/>
  <testcase classname="testNGTestScripts.SkipTestScripts" name="thirdTestCase" time="0.003"/>
  <system-out/>
  <testcase classname="testNGTestScripts.SkipTestScripts" name="fifthTestCase" time="0.001"/>
  <system-out/>
  <testcase classname="testNGTestScripts.SkipTestScripts" name="secondTestCase">
    <skipped/>
  </testcase> <!-- secondTestCase -->
  <system-out/>
  <testcase classname="testNGTestScripts.SkipTestScripts" name="fourthTestCase">
    <skipped/>
  </testcase> <!-- fourthTestCase -->
  <system-out/>
</testsuite> <!-- testNGTestScripts.SkipTestScripts -->
