<?xml version="1.0" encoding="UTF-8"?>
<!-- Generated by org.testng.reporters.JUnitReportReporter -->
<testsuite hostname="DESKTOP-F7R8644" failures="0" tests="5" name="testNGTestScripts.InvocationCountTestScript" time="0.029" errors="0" timestamp="2022-01-05T01:53:56 IST" skipped="0">
  <testcase classname="testNGTestScripts.InvocationCountTestScript" name="car" time="0.006"/>
  <system-out/>
  <testcase classname="testNGTestScripts.InvocationCountTestScript" name="car" time="0.015"/>
  <system-out/>
  <testcase classname="testNGTestScripts.InvocationCountTestScript" name="car" time="0.004"/>
  <system-out/>
  <testcase classname="testNGTestScripts.InvocationCountTestScript" name="car" time="0.003"/>
  <system-out/>
  <testcase classname="testNGTestScripts.InvocationCountTestScript" name="car" time="0.001"/>
  <system-out/>
</testsuite> <!-- testNGTestScripts.InvocationCountTestScript -->
